  problem_9.cpp
e:\users\cian\github\euler problems\project-euler-problems\euler problems\problem_9.cpp(22): fatal error C1010: unexpected end of file while looking for precompiled header. Did you forget to add '#include "stdafx.h"' to your source?
  problem_8.cpp
e:\users\cian\github\euler problems\project-euler-problems\euler problems\problem_8.cpp(55): fatal error C1010: unexpected end of file while looking for precompiled header. Did you forget to add '#include "stdafx.h"' to your source?
  problem_7.cpp
e:\users\cian\github\euler problems\project-euler-problems\euler problems\problem_7.cpp(29): fatal error C1010: unexpected end of file while looking for precompiled header. Did you forget to add '#include "stdafx.h"' to your source?
  problem_67.cpp
e:\users\cian\github\euler problems\project-euler-problems\euler problems\problem_67.cpp(30): fatal error C1010: unexpected end of file while looking for precompiled header. Did you forget to add '#include "stdafx.h"' to your source?
  problem_6.cpp
e:\users\cian\github\euler problems\project-euler-problems\euler problems\problem_6.cpp(14): fatal error C1010: unexpected end of file while looking for precompiled header. Did you forget to add '#include "stdafx.h"' to your source?
  problem_5.cpp
e:\users\cian\github\euler problems\project-euler-problems\euler problems\problem_5.cpp(15): fatal error C1010: unexpected end of file while looking for precompiled header. Did you forget to add '#include "stdafx.h"' to your source?
  problem_4.cpp
e:\users\cian\github\euler problems\project-euler-problems\euler problems\problem_4.cpp(53): fatal error C1010: unexpected end of file while looking for precompiled header. Did you forget to add '#include "stdafx.h"' to your source?
  problem_31.cpp
e:\users\cian\github\euler problems\project-euler-problems\euler problems\problem_31.cpp(21): fatal error C1010: unexpected end of file while looking for precompiled header. Did you forget to add '#include "stdafx.h"' to your source?
  problem_30.cpp
e:\users\cian\github\euler problems\project-euler-problems\euler problems\problem_30.cpp(28): fatal error C1010: unexpected end of file while looking for precompiled header. Did you forget to add '#include "stdafx.h"' to your source?
  problem_3.cpp
e:\users\cian\github\euler problems\project-euler-problems\euler problems\problem_3.cpp(29): fatal error C1010: unexpected end of file while looking for precompiled header. Did you forget to add '#include "stdafx.h"' to your source?
  problem_29.cpp
e:\users\cian\github\euler problems\project-euler-problems\euler problems\problem_29.cpp(47): fatal error C1010: unexpected end of file while looking for precompiled header. Did you forget to add '#include "stdafx.h"' to your source?
  problem_28.cpp
e:\users\cian\github\euler problems\project-euler-problems\euler problems\problem_28.cpp(23): fatal error C1010: unexpected end of file while looking for precompiled header. Did you forget to add '#include "stdafx.h"' to your source?
  problem_27.cpp
e:\users\cian\github\euler problems\project-euler-problems\euler problems\problem_27.cpp(66): fatal error C1010: unexpected end of file while looking for precompiled header. Did you forget to add '#include "stdafx.h"' to your source?
  problem_26.cpp
e:\users\cian\github\euler problems\project-euler-problems\euler problems\problem_26.cpp(41): fatal error C1010: unexpected end of file while looking for precompiled header. Did you forget to add '#include "stdafx.h"' to your source?
  problem_25.cpp
e:\users\cian\github\euler problems\project-euler-problems\euler problems\problem_25.cpp(76): fatal error C1010: unexpected end of file while looking for precompiled header. Did you forget to add '#include "stdafx.h"' to your source?
  problem_24.cpp
e:\users\cian\github\euler problems\project-euler-problems\euler problems\problem_24.cpp(88): fatal error C1010: unexpected end of file while looking for precompiled header. Did you forget to add '#include "stdafx.h"' to your source?
  problem_23.cpp
e:\users\cian\github\euler problems\project-euler-problems\euler problems\problem_23.cpp(95): fatal error C1010: unexpected end of file while looking for precompiled header. Did you forget to add '#include "stdafx.h"' to your source?
  problem_22.cpp
e:\users\cian\github\euler problems\project-euler-problems\euler problems\problem_22.cpp(98): fatal error C1010: unexpected end of file while looking for precompiled header. Did you forget to add '#include "stdafx.h"' to your source?
  problem_21.cpp
e:\users\cian\github\euler problems\project-euler-problems\euler problems\problem_21.cpp(169): fatal error C1010: unexpected end of file while looking for precompiled header. Did you forget to add '#include "stdafx.h"' to your source?
  problem_20.cpp
e:\users\cian\github\euler problems\project-euler-problems\euler problems\problem_20.cpp(50): fatal error C1010: unexpected end of file while looking for precompiled header. Did you forget to add '#include "stdafx.h"' to your source?
  Generating Code...
  Compiling...
  problem_2.cpp
e:\users\cian\github\euler problems\project-euler-problems\euler problems\problem_2.cpp(23): fatal error C1010: unexpected end of file while looking for precompiled header. Did you forget to add '#include "stdafx.h"' to your source?
  problem_19.cpp
e:\users\cian\github\euler problems\project-euler-problems\euler problems\problem_19.cpp(45): fatal error C1010: unexpected end of file while looking for precompiled header. Did you forget to add '#include "stdafx.h"' to your source?
  problem_18.cpp
e:\users\cian\github\euler problems\project-euler-problems\euler problems\problem_18.cpp(39): fatal error C1010: unexpected end of file while looking for precompiled header. Did you forget to add '#include "stdafx.h"' to your source?
  problem_17.cpp
e:\users\cian\github\euler problems\project-euler-problems\euler problems\problem_17.cpp(46): fatal error C1010: unexpected end of file while looking for precompiled header. Did you forget to add '#include "stdafx.h"' to your source?
  problem_16.cpp
e:\users\cian\github\euler problems\project-euler-problems\euler problems\problem_16.cpp(52): fatal error C1010: unexpected end of file while looking for precompiled header. Did you forget to add '#include "stdafx.h"' to your source?
  problem_15.cpp
e:\users\cian\github\euler problems\project-euler-problems\euler problems\problem_15.cpp(23): fatal error C1010: unexpected end of file while looking for precompiled header. Did you forget to add '#include "stdafx.h"' to your source?
  problem_14.cpp
e:\users\cian\github\euler problems\project-euler-problems\euler problems\problem_14.cpp(40): fatal error C1010: unexpected end of file while looking for precompiled header. Did you forget to add '#include "stdafx.h"' to your source?
  problem_13.cpp
e:\users\cian\github\euler problems\project-euler-problems\euler problems\problem_13.cpp(167): fatal error C1010: unexpected end of file while looking for precompiled header. Did you forget to add '#include "stdafx.h"' to your source?
  problem_12.cpp
e:\users\cian\github\euler problems\project-euler-problems\euler problems\problem_12.cpp(78): fatal error C1010: unexpected end of file while looking for precompiled header. Did you forget to add '#include "stdafx.h"' to your source?
  problem_11.cpp
e:\users\cian\github\euler problems\project-euler-problems\euler problems\problem_11.cpp(115): fatal error C1010: unexpected end of file while looking for precompiled header. Did you forget to add '#include "stdafx.h"' to your source?
  problem_10.cpp
e:\users\cian\github\euler problems\project-euler-problems\euler problems\problem_10.cpp(34): fatal error C1010: unexpected end of file while looking for precompiled header. Did you forget to add '#include "stdafx.h"' to your source?
  problem_1.cpp
e:\users\cian\github\euler problems\project-euler-problems\euler problems\problem_1.cpp(13): fatal error C1010: unexpected end of file while looking for precompiled header. Did you forget to add '#include "stdafx.h"' to your source?
  EulerProblems.cpp
e:\users\cian\github\euler problems\project-euler-problems\euler problems\eulerproblems.cpp(21): fatal error C1010: unexpected end of file while looking for precompiled header. Did you forget to add '#include "stdafx.h"' to your source?
  Generating Code...
