  problem_28.cpp
  EulerProblems.cpp
  Generating Code...
  Compiling...
  problem_9.cpp
  problem_8.cpp
  problem_7.cpp
  problem_67.cpp
  problem_6.cpp
  problem_5.cpp
  problem_4.cpp
  problem_3.cpp
e:\users\cian\github\euler problems\project-euler-problems\euler problems\problem_3.cpp(7): warning C4244: 'initializing': conversion from 'double' to '__int64', possible loss of data
  problem_27.cpp
  problem_26.cpp
e:\users\cian\github\euler problems\project-euler-problems\euler problems\problem_26.cpp(5): warning C4101: 'pattern_count': unreferenced local variable
  problem_25.cpp
e:\users\cian\github\euler problems\project-euler-problems\euler problems\problem_25.cpp(38): warning C4101: 'start_length': unreferenced local variable
  problem_24.cpp
  problem_23.cpp
e:\users\cian\github\euler problems\project-euler-problems\euler problems\problem_23.cpp(67): warning C4101: 'divisor': unreferenced local variable
e:\users\cian\github\euler problems\project-euler-problems\euler problems\problem_23.cpp(67): warning C4101: 'other_divisor': unreferenced local variable
e:\users\cian\github\euler problems\project-euler-problems\euler problems\problem_23.cpp(67): warning C4101: 'temp': unreferenced local variable
  problem_22.cpp
e:\users\cian\github\euler problems\project-euler-problems\euler problems\problem_22.cpp(34): warning C4018: '<': signed/unsigned mismatch
e:\users\cian\github\euler problems\project-euler-problems\euler problems\problem_22.cpp(49): warning C4018: '>': signed/unsigned mismatch
  problem_21.cpp
e:\users\cian\github\euler problems\project-euler-problems\euler problems\problem_21.cpp(69): warning C4101: 'divisor': unreferenced local variable
e:\users\cian\github\euler problems\project-euler-problems\euler problems\problem_21.cpp(69): warning C4101: 'other_divisor': unreferenced local variable
e:\users\cian\github\euler problems\project-euler-problems\euler problems\problem_21.cpp(69): warning C4101: 'temp': unreferenced local variable
  problem_20.cpp
  problem_2.cpp
  problem_19.cpp
  problem_18.cpp
  problem_17.cpp
  Generating Code...
e:\users\cian\github\euler problems\project-euler-problems\euler problems\problem_3.cpp(15): warning C4715: 'problem_3::solution': not all control paths return a value
e:\users\cian\github\euler problems\project-euler-problems\euler problems\problem_3.cpp(28): warning C4715: 'problem_3::isPrime': not all control paths return a value
e:\users\cian\github\euler problems\project-euler-problems\euler problems\problem_7.cpp(28): warning C4715: 'problem_7::isPrime': not all control paths return a value
e:\users\cian\github\euler problems\project-euler-problems\euler problems\problem_9.cpp(21): warning C4715: 'problem_9::solution': not all control paths return a value
  Compiling...
  problem_16.cpp
e:\users\cian\github\euler problems\project-euler-problems\euler problems\problem_16.cpp(43): warning C4244: '=': conversion from 'short' to 'char', possible loss of data
  problem_15.cpp
e:\users\cian\github\euler problems\project-euler-problems\euler problems\problem_15.cpp(6): warning C4101: 'y': unreferenced local variable
e:\users\cian\github\euler problems\project-euler-problems\euler problems\problem_15.cpp(6): warning C4101: 'x': unreferenced local variable
  problem_14.cpp
  problem_13.cpp
  problem_12.cpp
  problem_11.cpp
e:\users\cian\github\euler problems\project-euler-problems\euler problems\problem_11.cpp(32): warning C4101: 'value': unreferenced local variable
e:\users\cian\github\euler problems\project-euler-problems\euler problems\problem_11.cpp(31): warning C4101: 'end_y': unreferenced local variable
e:\users\cian\github\euler problems\project-euler-problems\euler problems\problem_11.cpp(32): warning C4101: 'index': unreferenced local variable
  problem_10.cpp
  problem_1.cpp
  Generating Code...
e:\users\cian\github\euler problems\project-euler-problems\euler problems\problem_12.cpp(76): warning C4715: 'problem_12::num_divisors': not all control paths return a value
LINK : warning LNK4075: ignoring '/INCREMENTAL' due to '/PROFILE' specification
EulerProblems.obj : warning LNK4075: ignoring '/EDITANDCONTINUE' due to '/OPT:REF' specification
  Euler Problems.vcxproj -> E:\Users\Cian\Github\Euler Problems\Project-Euler-Problems\Debug\Euler Problems.exe
  Euler Problems.vcxproj -> E:\Users\Cian\Github\Euler Problems\Project-Euler-Problems\Debug\Euler Problems.pdb (Partial PDB)
