e:\users\cian\github\euler problems\project-euler-problems\euler problems\debug\euler problems.pch
e:\users\cian\github\euler problems\project-euler-problems\euler problems\debug\vc141.pdb
e:\users\cian\github\euler problems\project-euler-problems\euler problems\debug\vc141.idb
e:\users\cian\github\euler problems\project-euler-problems\euler problems\debug\stdafx.obj
e:\users\cian\github\euler problems\project-euler-problems\euler problems\debug\eulerproblems.obj
e:\users\cian\github\euler problems\project-euler-problems\euler problems\debug\problem_1.obj
e:\users\cian\github\euler problems\project-euler-problems\euler problems\debug\problem_10.obj
e:\users\cian\github\euler problems\project-euler-problems\euler problems\debug\problem_11.obj
e:\users\cian\github\euler problems\project-euler-problems\euler problems\debug\problem_2.obj
e:\users\cian\github\euler problems\project-euler-problems\euler problems\debug\problem_3.obj
e:\users\cian\github\euler problems\project-euler-problems\euler problems\debug\problem_4.obj
e:\users\cian\github\euler problems\project-euler-problems\euler problems\debug\problem_5.obj
e:\users\cian\github\euler problems\project-euler-problems\euler problems\debug\problem_6.obj
e:\users\cian\github\euler problems\project-euler-problems\euler problems\debug\problem_7.obj
e:\users\cian\github\euler problems\project-euler-problems\euler problems\debug\problem_8.obj
e:\users\cian\github\euler problems\project-euler-problems\euler problems\debug\problem_9.obj
e:\users\cian\github\euler problems\project-euler-problems\euler problems\debug\problem_12.obj
e:\users\cian\github\euler problems\project-euler-problems\euler problems\debug\problem_13.obj
e:\users\cian\github\euler problems\project-euler-problems\euler problems\debug\problem_14.obj
e:\users\cian\github\euler problems\project-euler-problems\euler problems\debug\problem_15.obj
e:\users\cian\github\euler problems\project-euler-problems\euler problems\debug\problem_16.obj
e:\users\cian\github\euler problems\project-euler-problems\euler problems\debug\problem_17.obj
e:\users\cian\github\euler problems\project-euler-problems\euler problems\debug\problem_18.obj
e:\users\cian\github\euler problems\project-euler-problems\euler problems\debug\problem_67.obj
e:\users\cian\github\euler problems\project-euler-problems\euler problems\debug\problem_19.obj
e:\users\cian\github\euler problems\project-euler-problems\euler problems\debug\problem_20.obj
e:\users\cian\github\euler problems\project-euler-problems\euler problems\debug\problem_21.obj
e:\users\cian\github\euler problems\project-euler-problems\euler problems\debug\problem_22.obj
e:\users\cian\github\euler problems\project-euler-problems\euler problems\debug\problem_23.obj
e:\users\cian\github\euler problems\project-euler-problems\euler problems\debug\vcpkg.applocal.log
e:\users\cian\github\euler problems\project-euler-problems\debug\euler problems.exe
e:\users\cian\github\euler problems\project-euler-problems\debug\euler problems.ilk
e:\users\cian\github\euler problems\project-euler-problems\debug\euler problems.pdb
e:\users\cian\github\euler problems\project-euler-problems\euler problems\debug\problem_13.obj.enc
e:\users\cian\github\euler problems\project-euler-problems\euler problems\debug\euler problems.tlog\cl.command.1.tlog
e:\users\cian\github\euler problems\project-euler-problems\euler problems\debug\euler problems.tlog\cl.read.1.tlog
e:\users\cian\github\euler problems\project-euler-problems\euler problems\debug\euler problems.tlog\cl.write.1.tlog
e:\users\cian\github\euler problems\project-euler-problems\euler problems\debug\euler problems.tlog\euler problems.write.1u.tlog
e:\users\cian\github\euler problems\project-euler-problems\euler problems\debug\euler problems.tlog\link.command.1.tlog
e:\users\cian\github\euler problems\project-euler-problems\euler problems\debug\euler problems.tlog\link.read.1.tlog
e:\users\cian\github\euler problems\project-euler-problems\euler problems\debug\euler problems.tlog\link.write.1.tlog
